etc/httpd/
etc/httpd/conf.d/
etc/httpd/conf.d/README
etc/httpd/conf.d/autoindex.conf
etc/httpd/conf.d/userdir.conf
etc/httpd/conf.d/welcome.conf
etc/httpd/conf/
etc/httpd/conf/httpd.conf
etc/httpd/conf/magic
etc/httpd/conf.modules.d/
etc/httpd/conf.modules.d/00-base.conf
etc/httpd/conf.modules.d/00-dav.conf
etc/httpd/conf.modules.d/00-mpm.conf
etc/httpd/conf.modules.d/00-optional.conf
etc/httpd/conf.modules.d/00-proxy.conf
etc/httpd/conf.modules.d/01-cgi.conf
etc/httpd/conf.modules.d/README
etc/httpd/conf.modules.d/10-h2.conf
etc/httpd/conf.modules.d/10-proxy_h2.conf
etc/httpd/conf.modules.d/00-lua.conf
etc/httpd/conf.modules.d/00-brotli.conf
etc/httpd/conf.modules.d/00-systemd.conf
etc/httpd/logs
etc/httpd/modules
etc/httpd/run
etc/httpd/state
